Determining if the pthread_create exist failed with the following output:
Change Dir: /root/ML16SDK_AutoBuild/ML16SDK/build/CMakeFiles/CMakeTmp

Run Build Command:"/usr/bin/make" "cmTC_3006b/fast"
/usr/bin/make -f CMakeFiles/cmTC_3006b.dir/build.make CMakeFiles/cmTC_3006b.dir/build
make[1]: Entering directory '/root/ML16SDK_AutoBuild/ML16SDK/build/CMakeFiles/CMakeTmp'
Building C object CMakeFiles/cmTC_3006b.dir/CheckSymbolExists.c.o
/usr/bin/gcc     -o CMakeFiles/cmTC_3006b.dir/CheckSymbolExists.c.o   -c /root/ML16SDK_AutoBuild/ML16SDK/build/CMakeFiles/CMakeTmp/CheckSymbolExists.c
Linking C executable cmTC_3006b
/usr/bin/cmake -E cmake_link_script CMakeFiles/cmTC_3006b.dir/link.txt --verbose=1
/usr/bin/gcc       CMakeFiles/cmTC_3006b.dir/CheckSymbolExists.c.o  -o cmTC_3006b -rdynamic 
CMakeFiles/cmTC_3006b.dir/CheckSymbolExists.c.o：在函数‘main’中：
CheckSymbolExists.c:(.text+0x16)：对‘pthread_create’未定义的引用
collect2: error: ld returned 1 exit status
CMakeFiles/cmTC_3006b.dir/build.make:97: recipe for target 'cmTC_3006b' failed
make[1]: *** [cmTC_3006b] Error 1
make[1]: Leaving directory '/root/ML16SDK_AutoBuild/ML16SDK/build/CMakeFiles/CMakeTmp'
Makefile:126: recipe for target 'cmTC_3006b/fast' failed
make: *** [cmTC_3006b/fast] Error 2

File /root/ML16SDK_AutoBuild/ML16SDK/build/CMakeFiles/CMakeTmp/CheckSymbolExists.c:
/* */
#include <pthread.h>

int main(int argc, char** argv)
{
  (void)argv;
#ifndef pthread_create
  return ((int*)(&pthread_create))[argc];
#else
  (void)argc;
  return 0;
#endif
}

Determining if the function pthread_create exists in the pthreads failed with the following output:
Change Dir: /root/ML16SDK_AutoBuild/ML16SDK/build/CMakeFiles/CMakeTmp

Run Build Command:"/usr/bin/make" "cmTC_a0749/fast"
/usr/bin/make -f CMakeFiles/cmTC_a0749.dir/build.make CMakeFiles/cmTC_a0749.dir/build
make[1]: Entering directory '/root/ML16SDK_AutoBuild/ML16SDK/build/CMakeFiles/CMakeTmp'
Building C object CMakeFiles/cmTC_a0749.dir/CheckFunctionExists.c.o
/usr/bin/gcc    -DCHECK_FUNCTION_EXISTS=pthread_create   -o CMakeFiles/cmTC_a0749.dir/CheckFunctionExists.c.o   -c /usr/share/cmake-3.5/Modules/CheckFunctionExists.c
Linking C executable cmTC_a0749
/usr/bin/cmake -E cmake_link_script CMakeFiles/cmTC_a0749.dir/link.txt --verbose=1
/usr/bin/gcc   -DCHECK_FUNCTION_EXISTS=pthread_create    CMakeFiles/cmTC_a0749.dir/CheckFunctionExists.c.o  -o cmTC_a0749 -rdynamic -lpthreads 
/usr/bin/ld: 找不到 -lpthreads
collect2: error: ld returned 1 exit status
CMakeFiles/cmTC_a0749.dir/build.make:97: recipe for target 'cmTC_a0749' failed
make[1]: *** [cmTC_a0749] Error 1
make[1]: Leaving directory '/root/ML16SDK_AutoBuild/ML16SDK/build/CMakeFiles/CMakeTmp'
Makefile:126: recipe for target 'cmTC_a0749/fast' failed
make: *** [cmTC_a0749/fast] Error 2


